<?xml version="1.0" encoding="UTF-8"?>
<testsuite xmlns:xsi="http://www.w3.org/2001/XMLSchema-instance" xsi:noNamespaceSchemaLocation="https://maven.apache.org/surefire/maven-surefire-plugin/xsd/surefire-test-report-3.0.xsd" version="3.0" name="com.fruitshop.backend.controller.UserControllerIntegrationTest" time="24.571" tests="8" errors="0" skipped="0" failures="0">
  <properties>
[...]
</properties>
  <testcase name="testRegister_Success_ShouldReturn200WithResultCd0" classname="com.fruitshop.backend.controller.UserControllerIntegrationTest" time="3.298">
    <system-out><![CDATA[01:25:02.023 [main] INFO org.springframework.test.context.support.AnnotationConfigContextLoaderUtils -- Could not detect default configuration classes for test class [com.fruitshop.backend.controller.UserControllerIntegrationTest]: UserControllerIntegrationTest does not declare any static, non-private, non-final, nested classes annotated with @Configuration.
01:25:02.250 [main] INFO org.springframework.boot.test.context.SpringBootTestContextBootstrapper -- Found @SpringBootConfiguration com.fruitshop.backend.FruitShopApplication for test class com.fruitshop.backend.controller.UserControllerIntegrationTest

  .   ____          _            __ _ _
 /\\ / ___'_ __ _ _(_)_ __  __ _ \ \ \ \
( ( )\___ | '_ | '_| | '_ \/ _` | \ \ \ \
 \\/  ___)| |_)| | | | | || (_| |  ) ) ) )
  '  |____| .__|_| |_|_| |_\__, | / / / /
 =========|_|==============|___/=/_/_/_/
 :: Spring Boot ::                (v3.2.2)

2026-02-22T01:25:02.980+07:00  INFO 13916 --- [fruit-shop-backend] [           main] c.f.b.c.UserControllerIntegrationTest    : Starting UserControllerIntegrationTest using Java 17.0.18 with PID 13916 (started by ACER in G:\SWP391\BE\fruit-shop-manager\Backend)
2026-02-22T01:25:02.984+07:00  INFO 13916 --- [fruit-shop-backend] [           main] c.f.b.c.UserControllerIntegrationTest    : No active profile set, falling back to 1 default profile: "default"
2026-02-22T01:25:04.002+07:00  INFO 13916 --- [fruit-shop-backend] [           main] .s.d.r.c.RepositoryConfigurationDelegate : Bootstrapping Spring Data JPA repositories in DEFAULT mode.
2026-02-22T01:25:04.148+07:00  INFO 13916 --- [fruit-shop-backend] [           main] .s.d.r.c.RepositoryConfigurationDelegate : Finished Spring Data repository scanning in 122 ms. Found 10 JPA repository interfaces.
2026-02-22T01:25:05.006+07:00  INFO 13916 --- [fruit-shop-backend] [           main] o.hibernate.jpa.internal.util.LogHelper  : HHH000204: Processing PersistenceUnitInfo [name: default]
2026-02-22T01:25:05.100+07:00  INFO 13916 --- [fruit-shop-backend] [           main] org.hibernate.Version                    : HHH000412: Hibernate ORM core version 6.4.1.Final
2026-02-22T01:25:05.157+07:00  INFO 13916 --- [fruit-shop-backend] [           main] o.h.c.internal.RegionFactoryInitiator    : HHH000026: Second-level cache disabled
2026-02-22T01:25:05.656+07:00  INFO 13916 --- [fruit-shop-backend] [           main] o.s.o.j.p.SpringPersistenceUnitInfo      : No LoadTimeWeaver setup: ignoring JPA class transformer
2026-02-22T01:25:05.705+07:00  INFO 13916 --- [fruit-shop-backend] [           main] com.zaxxer.hikari.HikariDataSource       : HikariPool-1 - Starting...
2026-02-22T01:25:07.648+07:00  INFO 13916 --- [fruit-shop-backend] [           main] com.zaxxer.hikari.pool.HikariPool        : HikariPool-1 - Added connection ConnectionID:1 ClientConnectionId: 5d75e695-9407-4542-a947-a61445bdbe24
2026-02-22T01:25:07.648+07:00  INFO 13916 --- [fruit-shop-backend] [           main] com.zaxxer.hikari.HikariDataSource       : HikariPool-1 - Start completed.
2026-02-22T01:25:07.698+07:00  WARN 13916 --- [fruit-shop-backend] [           main] org.hibernate.orm.deprecation            : HHH90000025: SQLServerDialect does not need to be specified explicitly using 'hibernate.dialect' (remove the property setting and it will be selected by default)
2026-02-22T01:25:10.116+07:00  INFO 13916 --- [fruit-shop-backend] [           main] o.h.e.t.j.p.i.JtaPlatformInitiator       : HHH000489: No JTA platform available (set 'hibernate.transaction.jta.platform' to enable JTA platform integration)
2026-02-22T01:25:10.120+07:00  INFO 13916 --- [fruit-shop-backend] [           main] j.LocalContainerEntityManagerFactoryBean : Initialized JPA EntityManagerFactory for persistence unit 'default'
2026-02-22T01:25:10.583+07:00  INFO 13916 --- [fruit-shop-backend] [           main] o.s.d.j.r.query.QueryEnhancerFactory     : Hibernate is in classpath; If applicable, HQL parser will be used.
2026-02-22T01:25:11.497+07:00  WARN 13916 --- [fruit-shop-backend] [           main] JpaBaseConfiguration$JpaWebConfiguration : spring.jpa.open-in-view is enabled by default. Therefore, database queries may be performed during view rendering. Explicitly configure spring.jpa.open-in-view to disable this warning
2026-02-22T01:25:12.180+07:00  INFO 13916 --- [fruit-shop-backend] [           main] o.s.b.t.m.w.SpringBootMockServletContext : Initializing Spring TestDispatcherServlet ''
2026-02-22T01:25:12.180+07:00  INFO 13916 --- [fruit-shop-backend] [           main] o.s.t.web.servlet.TestDispatcherServlet  : Initializing Servlet ''
2026-02-22T01:25:12.180+07:00  INFO 13916 --- [fruit-shop-backend] [           main] o.s.t.web.servlet.TestDispatcherServlet  : Completed initialization in 0 ms
2026-02-22T01:25:12.212+07:00  INFO 13916 --- [fruit-shop-backend] [           main] c.f.b.c.UserControllerIntegrationTest    : Started UserControllerIntegrationTest in 9.694 seconds (process running for 11.334)
Hibernate: select u1_0.user_id,u1_0.created_at,u1_0.email,u1_0.full_name,u1_0.password,u1_0.phone_number,u1_0.role,u1_0.status from users u1_0
Hibernate: delete from users where user_id=?
Hibernate: delete from users where user_id=?
Hibernate: delete from users where user_id=?
Hibernate: delete from users where user_id=?
Hibernate: select u1_0.user_id,u1_0.created_at,u1_0.email,u1_0.full_name,u1_0.password,u1_0.phone_number,u1_0.role,u1_0.status from users u1_0 where u1_0.email=?
Hibernate: insert into users (created_at,email,full_name,password,phone_number,role,status) values (?,?,?,?,?,?,?)

MockHttpServletRequest:
      HTTP Method = POST
      Request URI = /api/users/register
       Parameters = {}
          Headers = [Content-Type:"application/json;charset=UTF-8", Content-Length:"112"]
             Body = {"fullName":"Nguyen Thi B","email":"nguyenthib@example.com","password":"password123","phoneNumber":"0912345678"}
    Session Attrs = {}

Handler:
             Type = com.fruitshop.backend.controller.UserController
           Method = com.fruitshop.backend.controller.UserController#register(RegisterDto)

Async:
    Async started = false
     Async result = null

Resolved Exception:
             Type = null

ModelAndView:
        View name = null
             View = null
            Model = null

FlashMap:
       Attributes = null

MockHttpServletResponse:
           Status = 200
    Error message = null
          Headers = [Vary:"Origin", "Access-Control-Request-Method", "Access-Control-Request-Headers", Content-Type:"application/json"]
     Content type = application/json
             Body = {"resultCd":0,"message":"User registered successfully","data":{"userId":6,"fullName":"Nguyen Thi B","email":"nguyenthib@example.com","phoneNumber":"0912345678","role":"CUSTOMER","status":"ACTIVE","createdAt":"2026-02-22T01:25:14.8657915"}}
    Forwarded URL = null
   Redirected URL = null
          Cookies = []
]]></system-out>
  </testcase>
  <testcase name="testRegister_Validation_ShouldReturn400WhenEmailInvalid" classname="com.fruitshop.backend.controller.UserControllerIntegrationTest" time="0.751">
    <system-out><![CDATA[Hibernate: select u1_0.user_id,u1_0.created_at,u1_0.email,u1_0.full_name,u1_0.password,u1_0.phone_number,u1_0.role,u1_0.status from users u1_0
2026-02-22T01:25:15.913+07:00  WARN 13916 --- [fruit-shop-backend] [           main] .w.s.m.s.DefaultHandlerExceptionResolver : Resolved [org.springframework.web.bind.MethodArgumentNotValidException: Validation failed for argument [0] in public org.springframework.http.ResponseEntity<com.fruitshop.backend.dto.ApiResponse<com.fruitshop.backend.dto.UserDto>> com.fruitshop.backend.controller.UserController.register(com.fruitshop.backend.dto.RegisterDto): [Field error in object 'registerDto' on field 'email': rejected value [invalid-email]; codes [Email.registerDto.email,Email.email,Email.java.lang.String,Email]; arguments [org.springframework.context.support.DefaultMessageSourceResolvable: codes [registerDto.email,email]; arguments []; default message [email],[Ljakarta.validation.constraints.Pattern$Flag;@2d99b35f,.*]; default message [Email must be valid]] ]

MockHttpServletRequest:
      HTTP Method = POST
      Request URI = /api/users/register
       Parameters = {}
          Headers = [Content-Type:"application/json;charset=UTF-8", Content-Length:"103"]
             Body = {"fullName":"Nguyen Thi B","email":"invalid-email","password":"password123","phoneNumber":"0912345678"}
    Session Attrs = {}

Handler:
             Type = com.fruitshop.backend.controller.UserController
           Method = com.fruitshop.backend.controller.UserController#register(RegisterDto)

Async:
    Async started = false
     Async result = null

Resolved Exception:
             Type = org.springframework.web.bind.MethodArgumentNotValidException

ModelAndView:
        View name = null
             View = null
            Model = null

FlashMap:
       Attributes = null

MockHttpServletResponse:
           Status = 400
    Error message = Invalid request content.
          Headers = [Vary:"Origin", "Access-Control-Request-Method", "Access-Control-Request-Headers"]
     Content type = null
             Body = 
    Forwarded URL = null
   Redirected URL = null
          Cookies = []
]]></system-out>
  </testcase>
  <testcase name="testRegister_Success_WithPhoneNumber" classname="com.fruitshop.backend.controller.UserControllerIntegrationTest" time="2.257">
    <system-out><![CDATA[Hibernate: select u1_0.user_id,u1_0.created_at,u1_0.email,u1_0.full_name,u1_0.password,u1_0.phone_number,u1_0.role,u1_0.status from users u1_0
Hibernate: delete from users where user_id=?
Hibernate: delete from users where user_id=?
Hibernate: delete from users where user_id=?
Hibernate: delete from users where user_id=?
Hibernate: select u1_0.user_id,u1_0.created_at,u1_0.email,u1_0.full_name,u1_0.password,u1_0.phone_number,u1_0.role,u1_0.status from users u1_0 where u1_0.email=?
Hibernate: insert into users (created_at,email,full_name,password,phone_number,role,status) values (?,?,?,?,?,?,?)

MockHttpServletRequest:
      HTTP Method = POST
      Request URI = /api/users/register
       Parameters = {}
          Headers = [Content-Type:"application/json;charset=UTF-8", Content-Length:"112"]
             Body = {"fullName":"Nguyen Thi B","email":"nguyenthib@example.com","password":"password123","phoneNumber":"0987654321"}
    Session Attrs = {}

Handler:
             Type = com.fruitshop.backend.controller.UserController
           Method = com.fruitshop.backend.controller.UserController#register(RegisterDto)

Async:
    Async started = false
     Async result = null

Resolved Exception:
             Type = null

ModelAndView:
        View name = null
             View = null
            Model = null

FlashMap:
       Attributes = null

MockHttpServletResponse:
           Status = 200
    Error message = null
          Headers = [Vary:"Origin", "Access-Control-Request-Method", "Access-Control-Request-Headers", Content-Type:"application/json"]
     Content type = application/json
             Body = {"resultCd":0,"message":"User registered successfully","data":{"userId":7,"fullName":"Nguyen Thi B","email":"nguyenthib@example.com","phoneNumber":"0987654321","role":"CUSTOMER","status":"ACTIVE","createdAt":"2026-02-22T01:25:17.7791925"}}
    Forwarded URL = null
   Redirected URL = null
          Cookies = []
]]></system-out>
  </testcase>
  <testcase name="testRegister_Success_ShouldSaveToDatabase" classname="com.fruitshop.backend.controller.UserControllerIntegrationTest" time="2.551">
    <system-out><![CDATA[Hibernate: select u1_0.user_id,u1_0.created_at,u1_0.email,u1_0.full_name,u1_0.password,u1_0.phone_number,u1_0.role,u1_0.status from users u1_0
Hibernate: delete from users where user_id=?
Hibernate: delete from users where user_id=?
Hibernate: delete from users where user_id=?
Hibernate: delete from users where user_id=?
Hibernate: select u1_0.user_id,u1_0.created_at,u1_0.email,u1_0.full_name,u1_0.password,u1_0.phone_number,u1_0.role,u1_0.status from users u1_0 where u1_0.email=?
Hibernate: insert into users (created_at,email,full_name,password,phone_number,role,status) values (?,?,?,?,?,?,?)
Hibernate: select u1_0.user_id,u1_0.created_at,u1_0.email,u1_0.full_name,u1_0.password,u1_0.phone_number,u1_0.role,u1_0.status from users u1_0 where u1_0.email=?
]]></system-out>
  </testcase>
  <testcase name="testRegister_Validation_ShouldReturn400WhenPasswordTooShort" classname="com.fruitshop.backend.controller.UserControllerIntegrationTest" time="0.775">
    <system-out><![CDATA[Hibernate: select u1_0.user_id,u1_0.created_at,u1_0.email,u1_0.full_name,u1_0.password,u1_0.phone_number,u1_0.role,u1_0.status from users u1_0
2026-02-22T01:25:21.492+07:00  WARN 13916 --- [fruit-shop-backend] [           main] .w.s.m.s.DefaultHandlerExceptionResolver : Resolved [org.springframework.web.bind.MethodArgumentNotValidException: Validation failed for argument [0] in public org.springframework.http.ResponseEntity<com.fruitshop.backend.dto.ApiResponse<com.fruitshop.backend.dto.UserDto>> com.fruitshop.backend.controller.UserController.register(com.fruitshop.backend.dto.RegisterDto): [Field error in object 'registerDto' on field 'password': rejected value [123]; codes [Size.registerDto.password,Size.password,Size.java.lang.String,Size]; arguments [org.springframework.context.support.DefaultMessageSourceResolvable: codes [registerDto.password,password]; arguments []; default message [password],100,6]; default message [Password must be at least 6 characters]] ]

MockHttpServletRequest:
      HTTP Method = POST
      Request URI = /api/users/register
       Parameters = {}
          Headers = [Content-Type:"application/json;charset=UTF-8", Content-Length:"104"]
             Body = {"fullName":"Nguyen Thi B","email":"nguyenthib@example.com","password":"123","phoneNumber":"0912345678"}
    Session Attrs = {}

Handler:
             Type = com.fruitshop.backend.controller.UserController
           Method = com.fruitshop.backend.controller.UserController#register(RegisterDto)

Async:
    Async started = false
     Async result = null

Resolved Exception:
             Type = org.springframework.web.bind.MethodArgumentNotValidException

ModelAndView:
        View name = null
             View = null
            Model = null

FlashMap:
       Attributes = null

MockHttpServletResponse:
           Status = 400
    Error message = Invalid request content.
          Headers = [Vary:"Origin", "Access-Control-Request-Method", "Access-Control-Request-Headers"]
     Content type = null
             Body = 
    Forwarded URL = null
   Redirected URL = null
          Cookies = []
]]></system-out>
  </testcase>
  <testcase name="testRegister_Error_ShouldReturn200WithResultCd1WhenEmailExists" classname="com.fruitshop.backend.controller.UserControllerIntegrationTest" time="1.836">
    <system-out><![CDATA[Hibernate: select u1_0.user_id,u1_0.created_at,u1_0.email,u1_0.full_name,u1_0.password,u1_0.phone_number,u1_0.role,u1_0.status from users u1_0
Hibernate: insert into users (created_at,email,full_name,password,phone_number,role,status) values (?,?,?,?,?,?,?)
Hibernate: delete from users where user_id=?
Hibernate: delete from users where user_id=?
Hibernate: delete from users where user_id=?
Hibernate: delete from users where user_id=?
Hibernate: select u1_0.user_id,u1_0.created_at,u1_0.email,u1_0.full_name,u1_0.password,u1_0.phone_number,u1_0.role,u1_0.status from users u1_0 where u1_0.email=?

MockHttpServletRequest:
      HTTP Method = POST
      Request URI = /api/users/register
       Parameters = {}
          Headers = [Content-Type:"application/json;charset=UTF-8", Content-Length:"112"]
             Body = {"fullName":"Nguyen Thi B","email":"nguyenthib@example.com","password":"password123","phoneNumber":"0912345678"}
    Session Attrs = {}

Handler:
             Type = com.fruitshop.backend.controller.UserController
           Method = com.fruitshop.backend.controller.UserController#register(RegisterDto)

Async:
    Async started = false
     Async result = null

Resolved Exception:
             Type = null

ModelAndView:
        View name = null
             View = null
            Model = null

FlashMap:
       Attributes = null

MockHttpServletResponse:
           Status = 200
    Error message = null
          Headers = [Vary:"Origin", "Access-Control-Request-Method", "Access-Control-Request-Headers", Content-Type:"application/json"]
     Content type = application/json
             Body = {"resultCd":1,"message":"Email already exists","data":null}
    Forwarded URL = null
   Redirected URL = null
          Cookies = []
]]></system-out>
  </testcase>
  <testcase name="testRegister_Validation_ShouldReturn400WhenFullNameEmpty" classname="com.fruitshop.backend.controller.UserControllerIntegrationTest" time="0.728">
    <system-out><![CDATA[Hibernate: select u1_0.user_id,u1_0.created_at,u1_0.email,u1_0.full_name,u1_0.password,u1_0.phone_number,u1_0.role,u1_0.status from users u1_0
2026-02-22T01:25:24.078+07:00  WARN 13916 --- [fruit-shop-backend] [           main] .w.s.m.s.DefaultHandlerExceptionResolver : Resolved [org.springframework.web.bind.MethodArgumentNotValidException: Validation failed for argument [0] in public org.springframework.http.ResponseEntity<com.fruitshop.backend.dto.ApiResponse<com.fruitshop.backend.dto.UserDto>> com.fruitshop.backend.controller.UserController.register(com.fruitshop.backend.dto.RegisterDto) with 2 errors: [Field error in object 'registerDto' on field 'fullName': rejected value []; codes [Size.registerDto.fullName,Size.fullName,Size.java.lang.String,Size]; arguments [org.springframework.context.support.DefaultMessageSourceResolvable: codes [registerDto.fullName,fullName]; arguments []; default message [fullName],100,2]; default message [Full name must be between 2 and 100 characters]] [Field error in object 'registerDto' on field 'fullName': rejected value []; codes [NotBlank.registerDto.fullName,NotBlank.fullName,NotBlank.java.lang.String,NotBlank]; arguments [org.springframework.context.support.DefaultMessageSourceResolvable: codes [registerDto.fullName,fullName]; arguments []; default message [fullName]]; default message [Full name is required]] ]

MockHttpServletRequest:
      HTTP Method = POST
      Request URI = /api/users/register
       Parameters = {}
          Headers = [Content-Type:"application/json;charset=UTF-8", Content-Length:"100"]
             Body = {"fullName":"","email":"nguyenthib@example.com","password":"password123","phoneNumber":"0912345678"}
    Session Attrs = {}

Handler:
             Type = com.fruitshop.backend.controller.UserController
           Method = com.fruitshop.backend.controller.UserController#register(RegisterDto)

Async:
    Async started = false
     Async result = null

Resolved Exception:
             Type = org.springframework.web.bind.MethodArgumentNotValidException

ModelAndView:
        View name = null
             View = null
            Model = null

FlashMap:
       Attributes = null

MockHttpServletResponse:
           Status = 400
    Error message = Invalid request content.
          Headers = [Vary:"Origin", "Access-Control-Request-Method", "Access-Control-Request-Headers"]
     Content type = null
             Body = 
    Forwarded URL = null
   Redirected URL = null
          Cookies = []
]]></system-out>
  </testcase>
  <testcase name="testRegister_Success_WithoutPhoneNumber" classname="com.fruitshop.backend.controller.UserControllerIntegrationTest" time="1.849">
    <system-out><![CDATA[Hibernate: select u1_0.user_id,u1_0.created_at,u1_0.email,u1_0.full_name,u1_0.password,u1_0.phone_number,u1_0.role,u1_0.status from users u1_0
Hibernate: delete from users where user_id=?
Hibernate: delete from users where user_id=?
Hibernate: delete from users where user_id=?
Hibernate: delete from users where user_id=?
Hibernate: select u1_0.user_id,u1_0.created_at,u1_0.email,u1_0.full_name,u1_0.password,u1_0.phone_number,u1_0.role,u1_0.status from users u1_0 where u1_0.email=?
Hibernate: insert into users (created_at,email,full_name,password,phone_number,role,status) values (?,?,?,?,?,?,?)

MockHttpServletRequest:
      HTTP Method = POST
      Request URI = /api/users/register
       Parameters = {}
          Headers = [Content-Type:"application/json;charset=UTF-8", Content-Length:"104"]
             Body = {"fullName":"Nguyen Thi B","email":"nguyenthib@example.com","password":"password123","phoneNumber":null}
    Session Attrs = {}

Handler:
             Type = com.fruitshop.backend.controller.UserController
           Method = com.fruitshop.backend.controller.UserController#register(RegisterDto)

Async:
    Async started = false
     Async result = null

Resolved Exception:
             Type = null

ModelAndView:
        View name = null
             View = null
            Model = null

FlashMap:
       Attributes = null

MockHttpServletResponse:
           Status = 200
    Error message = null
          Headers = [Vary:"Origin", "Access-Control-Request-Method", "Access-Control-Request-Headers", Content-Type:"application/json"]
     Content type = application/json
             Body = {"resultCd":0,"message":"User registered successfully","data":{"userId":10,"fullName":"Nguyen Thi B","email":"nguyenthib@example.com","phoneNumber":null,"role":"CUSTOMER","status":"ACTIVE","createdAt":"2026-02-22T01:25:25.7401935"}}
    Forwarded URL = null
   Redirected URL = null
          Cookies = []
]]></system-out>
  </testcase>
</testsuite>